d:\вуз\2 курс\1 семак\прога\lab1\lab1\debug\vc142.pdb
d:\вуз\2 курс\1 семак\прога\lab1\lab1\debug\vc142.idb
d:\вуз\2 курс\1 семак\прога\lab1\lab1\debug\lab1.obj
d:\вуз\2 курс\1 семак\прога\lab1\lab1\debug\datatime.obj
d:\вуз\2 курс\1 семак\прога\lab1\lab1\debug\test.obj
d:\вуз\2 курс\1 семак\прога\lab1\lab1\debug\datetime.obj
d:\вуз\2 курс\1 семак\прога\lab1\lab1\debug\tests.obj
d:\вуз\2 курс\1 семак\прога\lab1\lab1\debug\time.obj
d:\вуз\2 курс\1 семак\прога\lab1\lab1\debug\event.obj
d:\вуз\2 курс\1 семак\прога\lab1\debug\lab1.pdb
d:\вуз\2 курс\1 семак\прога\lab1\lab1\debug\lab1.tlog\cl.command.1.tlog
d:\вуз\2 курс\1 семак\прога\lab1\lab1\debug\lab1.tlog\cl.read.1.tlog
d:\вуз\2 курс\1 семак\прога\lab1\lab1\debug\lab1.tlog\cl.write.1.tlog
d:\вуз\2 курс\1 семак\прога\lab1\lab1\debug\lab1.tlog\link-cvtres.read.1.tlog
d:\вуз\2 курс\1 семак\прога\lab1\lab1\debug\lab1.tlog\link-cvtres.write.1.tlog
d:\вуз\2 курс\1 семак\прога\lab1\lab1\debug\lab1.tlog\link-rc.read.1.tlog
d:\вуз\2 курс\1 семак\прога\lab1\lab1\debug\lab1.tlog\link-rc.write.1.tlog
d:\вуз\2 курс\1 семак\прога\lab1\lab1\debug\lab1.tlog\link.3088-cvtres.read.1.tlog
d:\вуз\2 курс\1 семак\прога\lab1\lab1\debug\lab1.tlog\link.3088-cvtres.write.1.tlog
d:\вуз\2 курс\1 семак\прога\lab1\lab1\debug\lab1.tlog\link.3088-rc.read.1.tlog
d:\вуз\2 курс\1 семак\прога\lab1\lab1\debug\lab1.tlog\link.3088-rc.write.1.tlog
d:\вуз\2 курс\1 семак\прога\lab1\lab1\debug\lab1.tlog\link.3088.read.1.tlog
d:\вуз\2 курс\1 семак\прога\lab1\lab1\debug\lab1.tlog\link.3088.write.1.tlog
d:\вуз\2 курс\1 семак\прога\lab1\lab1\debug\lab1.tlog\link.command.1.tlog
d:\вуз\2 курс\1 семак\прога\lab1\lab1\debug\lab1.tlog\link.read.1.tlog
d:\вуз\2 курс\1 семак\прога\lab1\lab1\debug\lab1.tlog\link.write.1.tlog
